<?xml version="1.0" encoding="UTF-8"?>
<!-- Generated by org.testng.reporters.JUnitXMLReporter -->
<testsuite ignored="0" hostname="DESKTOP-KKPJ5RQ" failures="0" tests="4" name="Default test" time="25.184" errors="0" timestamp="2024-01-24T12:39:51 IST">
  <testcase classname="api.testcases.UserTest2" name="testCreateUser" time="11.37"/>
  <testcase classname="api.testcases.UserTest2" name="testGetUserData" time="2.115"/>
  <testcase classname="api.testcases.UserTest2" name="testUpdateUser" time="7.352"/>
  <testcase classname="api.testcases.UserTest2" name="testDeleteUser" time="1.605"/>
</testsuite> <!-- Default test -->
