<?xml version="1.0" encoding="UTF-8"?>
<!-- Generated by org.testng.reporters.JUnitXMLReporter -->
<testsuite ignored="0" hostname="DESKTOP-KKPJ5RQ" failures="0" tests="4" name="Test" time="40.293" errors="0" timestamp="2024-04-02T16:08:51 IST">
  <testcase classname="api.testcases.UserTest2" name="testCreateUser" time="18.767"/>
  <testcase classname="api.testcases.UserTest2" name="testGetUserData" time="2.915"/>
  <testcase classname="api.testcases.UserTest2" name="testUpdateUser" time="7.95"/>
  <testcase classname="api.testcases.UserTest2" name="testDeleteUser" time="2.734"/>
</testsuite> <!-- Test -->
