<?xml version="1.0" encoding="UTF-8"?>
<!-- Generated by org.testng.reporters.JUnitXMLReporter -->
<testsuite ignored="0" hostname="DESKTOP-KKPJ5RQ" failures="0" tests="8" name="Test" time="31.948" errors="0" timestamp="2024-01-24T12:43:05 IST">
  <testcase classname="api.testcases.UserTest" name="testCreateUser" time="9.876"/>
  <testcase classname="api.testcases.UserTest" name="testGetUserData" time="1.727"/>
  <testcase classname="api.testcases.UserTest" name="testUpdateUser" time="4.016"/>
  <testcase classname="api.testcases.UserTest" name="testDeleteUser" time="2.031"/>
  <testcase classname="api.testcases.UserTest2" name="testCreateUser" time="1.744"/>
  <testcase classname="api.testcases.UserTest2" name="testGetUserData" time="1.832"/>
  <testcase classname="api.testcases.UserTest2" name="testUpdateUser" time="3.499"/>
  <testcase classname="api.testcases.UserTest2" name="testDeleteUser" time="1.668"/>
</testsuite> <!-- Test -->
