<?xml version="1.0" encoding="UTF-8"?>
<!-- Generated by org.testng.reporters.JUnitXMLReporter -->
<testsuite ignored="0" hostname="DESKTOP-KKPJ5RQ" failures="0" tests="4" name="Test" time="55.134" errors="0" timestamp="2024-01-24T11:40:00 IST">
  <testcase classname="api.testcases.UserTest" name="testCreateUser" time="18.943"/>
  <testcase classname="api.testcases.UserTest" name="testGetUserData" time="7.841"/>
  <testcase classname="api.testcases.UserTest" name="testUpdateUser" time="21.1"/>
  <testcase classname="api.testcases.UserTest" name="testDeleteUser" time="3.261"/>
</testsuite> <!-- Test -->
