<?xml version="1.0" encoding="UTF-8"?>
<!-- Generated by org.testng.reporters.JUnitXMLReporter -->
<testsuite ignored="0" hostname="DESKTOP-KKPJ5RQ" failures="0" tests="4" name="Test" time="15.294" errors="0" timestamp="2024-03-21T14:27:52 IST">
  <testcase classname="api.testcases.UserTest" name="testCreateUser" time="6.496"/>
  <testcase classname="api.testcases.UserTest" name="testGetUserData" time="1.56"/>
  <testcase classname="api.testcases.UserTest" name="testUpdateUser" time="2.949"/>
  <testcase classname="api.testcases.UserTest" name="testDeleteUser" time="1.409"/>
</testsuite> <!-- Test -->
