<?xml version="1.0" encoding="UTF-8"?>
<testng-results ignored="0" total="8" passed="8" failed="0" skipped="0">
  <reporter-output>
  </reporter-output>
  <suite started-at="2024-01-24T14:42:45 IST" name="Suite" finished-at="2024-01-24T14:43:44 IST" duration-ms="59719">
    <groups>
    </groups>
    <test started-at="2024-01-24T14:42:45 IST" name="Test" finished-at="2024-01-24T14:43:44 IST" duration-ms="59719">
      <class name="api.testcases.UserTest">
        <test-method is-config="true" signature="generateTestData()[pri:0, instance:api.testcases.UserTest@1ed4ae0f]" started-at="2024-01-24T14:42:48 IST" name="generateTestData" finished-at="2024-01-24T14:42:52 IST" duration-ms="3652" status="PASS">
          <reporter-output>
          </reporter-output>
        </test-method> <!-- generateTestData -->
        <test-method signature="testCreateUser()[pri:1, instance:api.testcases.UserTest@1ed4ae0f]" started-at="2024-01-24T14:42:52 IST" name="testCreateUser" finished-at="2024-01-24T14:43:11 IST" duration-ms="18926" status="PASS">
          <reporter-output>
          </reporter-output>
        </test-method> <!-- testCreateUser -->
        <test-method signature="testGetUserData()[pri:2, instance:api.testcases.UserTest@1ed4ae0f]" started-at="2024-01-24T14:43:11 IST" name="testGetUserData" finished-at="2024-01-24T14:43:13 IST" duration-ms="2423" status="PASS">
          <reporter-output>
          </reporter-output>
        </test-method> <!-- testGetUserData -->
        <test-method signature="testUpdateUser()[pri:3, instance:api.testcases.UserTest@1ed4ae0f]" started-at="2024-01-24T14:43:13 IST" name="testUpdateUser" finished-at="2024-01-24T14:43:26 IST" duration-ms="12845" status="PASS">
          <reporter-output>
          </reporter-output>
        </test-method> <!-- testUpdateUser -->
        <test-method signature="testDeleteUser()[pri:4, instance:api.testcases.UserTest@1ed4ae0f]" started-at="2024-01-24T14:43:26 IST" name="testDeleteUser" finished-at="2024-01-24T14:43:28 IST" duration-ms="2265" status="PASS">
          <reporter-output>
          </reporter-output>
        </test-method> <!-- testDeleteUser -->
      </class> <!-- api.testcases.UserTest -->
      <class name="api.testcases.UserTest2">
        <test-method is-config="true" signature="generateTestData()[pri:0, instance:api.testcases.UserTest2@53fe15ff]" started-at="2024-01-24T14:43:28 IST" name="generateTestData" finished-at="2024-01-24T14:43:29 IST" duration-ms="874" status="PASS">
          <reporter-output>
          </reporter-output>
        </test-method> <!-- generateTestData -->
        <test-method signature="testCreateUser()[pri:1, instance:api.testcases.UserTest2@53fe15ff]" started-at="2024-01-24T14:43:29 IST" name="testCreateUser" finished-at="2024-01-24T14:43:35 IST" duration-ms="5462" status="PASS">
          <reporter-output>
          </reporter-output>
        </test-method> <!-- testCreateUser -->
        <test-method signature="testGetUserData()[pri:2, instance:api.testcases.UserTest2@53fe15ff]" started-at="2024-01-24T14:43:35 IST" name="testGetUserData" finished-at="2024-01-24T14:43:36 IST" duration-ms="1594" status="PASS">
          <reporter-output>
          </reporter-output>
        </test-method> <!-- testGetUserData -->
        <test-method signature="testUpdateUser()[pri:3, instance:api.testcases.UserTest2@53fe15ff]" started-at="2024-01-24T14:43:36 IST" name="testUpdateUser" finished-at="2024-01-24T14:43:42 IST" duration-ms="5435" status="PASS">
          <reporter-output>
          </reporter-output>
        </test-method> <!-- testUpdateUser -->
        <test-method signature="testDeleteUser()[pri:4, instance:api.testcases.UserTest2@53fe15ff]" started-at="2024-01-24T14:43:42 IST" name="testDeleteUser" finished-at="2024-01-24T14:43:44 IST" duration-ms="2549" status="PASS">
          <reporter-output>
          </reporter-output>
        </test-method> <!-- testDeleteUser -->
      </class> <!-- api.testcases.UserTest2 -->
    </test> <!-- Test -->
  </suite> <!-- Suite -->
</testng-results>
