<?xml version="1.0" encoding="UTF-8"?>
<testng-results ignored="0" total="8" passed="8" failed="0" skipped="0">
  <reporter-output>
  </reporter-output>
  <suite started-at="2024-01-24T12:42:32 IST" name="Suite" finished-at="2024-01-24T12:43:04 IST" duration-ms="31948">
    <groups>
    </groups>
    <test started-at="2024-01-24T12:42:32 IST" name="Test" finished-at="2024-01-24T12:43:04 IST" duration-ms="31948">
      <class name="api.testcases.UserTest">
        <test-method is-config="true" signature="generateTestData()[pri:0, instance:api.testcases.UserTest@24569dba]" started-at="2024-01-24T12:42:33 IST" name="generateTestData" finished-at="2024-01-24T12:42:37 IST" duration-ms="3823" status="PASS">
          <reporter-output>
          </reporter-output>
        </test-method> <!-- generateTestData -->
        <test-method signature="testCreateUser()[pri:1, instance:api.testcases.UserTest@24569dba]" started-at="2024-01-24T12:42:37 IST" name="testCreateUser" finished-at="2024-01-24T12:42:47 IST" duration-ms="9876" status="PASS">
          <reporter-output>
          </reporter-output>
        </test-method> <!-- testCreateUser -->
        <test-method signature="testGetUserData()[pri:2, instance:api.testcases.UserTest@24569dba]" started-at="2024-01-24T12:42:47 IST" name="testGetUserData" finished-at="2024-01-24T12:42:48 IST" duration-ms="1727" status="PASS">
          <reporter-output>
          </reporter-output>
        </test-method> <!-- testGetUserData -->
        <test-method signature="testUpdateUser()[pri:3, instance:api.testcases.UserTest@24569dba]" started-at="2024-01-24T12:42:49 IST" name="testUpdateUser" finished-at="2024-01-24T12:42:53 IST" duration-ms="4016" status="PASS">
          <reporter-output>
          </reporter-output>
        </test-method> <!-- testUpdateUser -->
        <test-method signature="testDeleteUser()[pri:4, instance:api.testcases.UserTest@24569dba]" started-at="2024-01-24T12:42:53 IST" name="testDeleteUser" finished-at="2024-01-24T12:42:55 IST" duration-ms="2031" status="PASS">
          <reporter-output>
          </reporter-output>
        </test-method> <!-- testDeleteUser -->
      </class> <!-- api.testcases.UserTest -->
      <class name="api.testcases.UserTest2">
        <test-method is-config="true" signature="generateTestData()[pri:0, instance:api.testcases.UserTest2@1033576a]" started-at="2024-01-24T12:42:55 IST" name="generateTestData" finished-at="2024-01-24T12:42:55 IST" duration-ms="248" status="PASS">
          <reporter-output>
          </reporter-output>
        </test-method> <!-- generateTestData -->
        <test-method signature="testCreateUser()[pri:1, instance:api.testcases.UserTest2@1033576a]" started-at="2024-01-24T12:42:55 IST" name="testCreateUser" finished-at="2024-01-24T12:42:57 IST" duration-ms="1744" status="PASS">
          <reporter-output>
          </reporter-output>
        </test-method> <!-- testCreateUser -->
        <test-method signature="testGetUserData()[pri:2, instance:api.testcases.UserTest2@1033576a]" started-at="2024-01-24T12:42:57 IST" name="testGetUserData" finished-at="2024-01-24T12:42:58 IST" duration-ms="1832" status="PASS">
          <reporter-output>
          </reporter-output>
        </test-method> <!-- testGetUserData -->
        <test-method signature="testUpdateUser()[pri:3, instance:api.testcases.UserTest2@1033576a]" started-at="2024-01-24T12:42:58 IST" name="testUpdateUser" finished-at="2024-01-24T12:43:02 IST" duration-ms="3499" status="PASS">
          <reporter-output>
          </reporter-output>
        </test-method> <!-- testUpdateUser -->
        <test-method signature="testDeleteUser()[pri:4, instance:api.testcases.UserTest2@1033576a]" started-at="2024-01-24T12:43:02 IST" name="testDeleteUser" finished-at="2024-01-24T12:43:04 IST" duration-ms="1668" status="PASS">
          <reporter-output>
          </reporter-output>
        </test-method> <!-- testDeleteUser -->
      </class> <!-- api.testcases.UserTest2 -->
    </test> <!-- Test -->
  </suite> <!-- Suite -->
</testng-results>
